<?xml version="1.0" encoding="UTF-8"?>
<testsuite xmlns:xsi="http://www.w3.org/2001/XMLSchema-instance" xsi:noNamespaceSchemaLocation="https://maven.apache.org/surefire/maven-surefire-plugin/xsd/surefire-test-report.xsd" name="github.dinosu.api.GithubTest" time="1.618" tests="2" errors="0" skipped="0" failures="0">
  <properties>
    <property name="awt.toolkit" value="sun.awt.X11.XToolkit"/>
    <property name="java.specification.version" value="11"/>
    <property name="sun.cpu.isalist" value=""/>
    <property name="sun.jnu.encoding" value="UTF-8"/>
    <property name="java.class.path" value="/mnt/c/Users/User/Sources/netbase/dinosu/simple-api-test/target/test-classes:/mnt/c/Users/User/Sources/netbase/dinosu/simple-api-test/target/classes:/home/dinosu/.m2/repository/junit/junit/4.11/junit-4.11.jar:/home/dinosu/.m2/repository/org/hamcrest/hamcrest-core/1.3/hamcrest-core-1.3.jar:/home/dinosu/.m2/repository/io/rest-assured/rest-assured/4.1.2/rest-assured-4.1.2.jar:/home/dinosu/.m2/repository/org/codehaus/groovy/groovy/2.5.8/groovy-2.5.8.jar:/home/dinosu/.m2/repository/org/codehaus/groovy/groovy-xml/2.5.8/groovy-xml-2.5.8.jar:/home/dinosu/.m2/repository/org/apache/httpcomponents/httpclient/4.5.3/httpclient-4.5.3.jar:/home/dinosu/.m2/repository/org/apache/httpcomponents/httpcore/4.4.6/httpcore-4.4.6.jar:/home/dinosu/.m2/repository/commons-logging/commons-logging/1.2/commons-logging-1.2.jar:/home/dinosu/.m2/repository/commons-codec/commons-codec/1.9/commons-codec-1.9.jar:/home/dinosu/.m2/repository/org/apache/httpcomponents/httpmime/4.5.3/httpmime-4.5.3.jar:/home/dinosu/.m2/repository/org/hamcrest/hamcrest/2.1/hamcrest-2.1.jar:/home/dinosu/.m2/repository/org/ccil/cowan/tagsoup/tagsoup/1.2.1/tagsoup-1.2.1.jar:/home/dinosu/.m2/repository/io/rest-assured/json-path/4.1.2/json-path-4.1.2.jar:/home/dinosu/.m2/repository/org/codehaus/groovy/groovy-json/2.5.8/groovy-json-2.5.8.jar:/home/dinosu/.m2/repository/io/rest-assured/rest-assured-common/4.1.2/rest-assured-common-4.1.2.jar:/home/dinosu/.m2/repository/io/rest-assured/xml-path/4.1.2/xml-path-4.1.2.jar:/home/dinosu/.m2/repository/org/apache/commons/commons-lang3/3.4/commons-lang3-3.4.jar:/home/dinosu/.m2/repository/javax/xml/bind/jaxb-api/2.3.1/jaxb-api-2.3.1.jar:/home/dinosu/.m2/repository/javax/activation/javax.activation-api/1.2.0/javax.activation-api-1.2.0.jar:/home/dinosu/.m2/repository/com/sun/xml/bind/jaxb-osgi/2.3.0.1/jaxb-osgi-2.3.0.1.jar:/home/dinosu/.m2/repository/org/apache/sling/org.apache.sling.javax.activation/0.1.0/org.apache.sling.javax.activation-0.1.0.jar:/home/dinosu/.m2/repository/javax/activation/activation/1.1.1/activation-1.1.1.jar:/home/dinosu/.m2/repository/io/cucumber/cucumber-java/4.7.4/cucumber-java-4.7.4.jar:/home/dinosu/.m2/repository/io/cucumber/cucumber-core/4.7.4/cucumber-core-4.7.4.jar:/home/dinosu/.m2/repository/io/cucumber/gherkin/5.1.0/gherkin-5.1.0.jar:/home/dinosu/.m2/repository/io/cucumber/tag-expressions/1.1.1/tag-expressions-1.1.1.jar:/home/dinosu/.m2/repository/io/cucumber/cucumber-expressions/7.0.2/cucumber-expressions-7.0.2.jar:/home/dinosu/.m2/repository/io/cucumber/datatable/1.1.14/datatable-1.1.14.jar:/home/dinosu/.m2/repository/io/cucumber/datatable-dependencies/1.1.14/datatable-dependencies-1.1.14.jar:/home/dinosu/.m2/repository/org/apiguardian/apiguardian-api/1.1.0/apiguardian-api-1.1.0.jar:/home/dinosu/.m2/repository/io/cucumber/cucumber-junit/4.7.4/cucumber-junit-4.7.4.jar:"/>
    <property name="java.vm.vendor" value="Ubuntu"/>
    <property name="sun.arch.data.model" value="64"/>
    <property name="java.vendor.url" value="https://ubuntu.com/"/>
    <property name="user.timezone" value=""/>
    <property name="java.vm.specification.version" value="11"/>
    <property name="os.name" value="Linux"/>
    <property name="sun.java.launcher" value="SUN_STANDARD"/>
    <property name="sun.boot.library.path" value="/usr/lib/jvm/java-11-openjdk-amd64/lib"/>
    <property name="sun.java.command" value="/mnt/c/Users/User/Sources/netbase/dinosu/simple-api-test/target/surefire/surefirebooter9519962837080538085.jar /mnt/c/Users/User/Sources/netbase/dinosu/simple-api-test/target/surefire 2019-10-10T07-19-44_359-jvmRun1 surefire1058036942490032479tmp surefire_014627133009596394987tmp"/>
    <property name="jdk.debug" value="release"/>
    <property name="surefire.test.class.path" value="/mnt/c/Users/User/Sources/netbase/dinosu/simple-api-test/target/test-classes:/mnt/c/Users/User/Sources/netbase/dinosu/simple-api-test/target/classes:/home/dinosu/.m2/repository/junit/junit/4.11/junit-4.11.jar:/home/dinosu/.m2/repository/org/hamcrest/hamcrest-core/1.3/hamcrest-core-1.3.jar:/home/dinosu/.m2/repository/io/rest-assured/rest-assured/4.1.2/rest-assured-4.1.2.jar:/home/dinosu/.m2/repository/org/codehaus/groovy/groovy/2.5.8/groovy-2.5.8.jar:/home/dinosu/.m2/repository/org/codehaus/groovy/groovy-xml/2.5.8/groovy-xml-2.5.8.jar:/home/dinosu/.m2/repository/org/apache/httpcomponents/httpclient/4.5.3/httpclient-4.5.3.jar:/home/dinosu/.m2/repository/org/apache/httpcomponents/httpcore/4.4.6/httpcore-4.4.6.jar:/home/dinosu/.m2/repository/commons-logging/commons-logging/1.2/commons-logging-1.2.jar:/home/dinosu/.m2/repository/commons-codec/commons-codec/1.9/commons-codec-1.9.jar:/home/dinosu/.m2/repository/org/apache/httpcomponents/httpmime/4.5.3/httpmime-4.5.3.jar:/home/dinosu/.m2/repository/org/hamcrest/hamcrest/2.1/hamcrest-2.1.jar:/home/dinosu/.m2/repository/org/ccil/cowan/tagsoup/tagsoup/1.2.1/tagsoup-1.2.1.jar:/home/dinosu/.m2/repository/io/rest-assured/json-path/4.1.2/json-path-4.1.2.jar:/home/dinosu/.m2/repository/org/codehaus/groovy/groovy-json/2.5.8/groovy-json-2.5.8.jar:/home/dinosu/.m2/repository/io/rest-assured/rest-assured-common/4.1.2/rest-assured-common-4.1.2.jar:/home/dinosu/.m2/repository/io/rest-assured/xml-path/4.1.2/xml-path-4.1.2.jar:/home/dinosu/.m2/repository/org/apache/commons/commons-lang3/3.4/commons-lang3-3.4.jar:/home/dinosu/.m2/repository/javax/xml/bind/jaxb-api/2.3.1/jaxb-api-2.3.1.jar:/home/dinosu/.m2/repository/javax/activation/javax.activation-api/1.2.0/javax.activation-api-1.2.0.jar:/home/dinosu/.m2/repository/com/sun/xml/bind/jaxb-osgi/2.3.0.1/jaxb-osgi-2.3.0.1.jar:/home/dinosu/.m2/repository/org/apache/sling/org.apache.sling.javax.activation/0.1.0/org.apache.sling.javax.activation-0.1.0.jar:/home/dinosu/.m2/repository/javax/activation/activation/1.1.1/activation-1.1.1.jar:/home/dinosu/.m2/repository/io/cucumber/cucumber-java/4.7.4/cucumber-java-4.7.4.jar:/home/dinosu/.m2/repository/io/cucumber/cucumber-core/4.7.4/cucumber-core-4.7.4.jar:/home/dinosu/.m2/repository/io/cucumber/gherkin/5.1.0/gherkin-5.1.0.jar:/home/dinosu/.m2/repository/io/cucumber/tag-expressions/1.1.1/tag-expressions-1.1.1.jar:/home/dinosu/.m2/repository/io/cucumber/cucumber-expressions/7.0.2/cucumber-expressions-7.0.2.jar:/home/dinosu/.m2/repository/io/cucumber/datatable/1.1.14/datatable-1.1.14.jar:/home/dinosu/.m2/repository/io/cucumber/datatable-dependencies/1.1.14/datatable-dependencies-1.1.14.jar:/home/dinosu/.m2/repository/org/apiguardian/apiguardian-api/1.1.0/apiguardian-api-1.1.0.jar:/home/dinosu/.m2/repository/io/cucumber/cucumber-junit/4.7.4/cucumber-junit-4.7.4.jar:"/>
    <property name="sun.cpu.endian" value="little"/>
    <property name="user.home" value="/home/dinosu"/>
    <property name="user.language" value="en"/>
    <property name="java.specification.vendor" value="Oracle Corporation"/>
    <property name="java.version.date" value="2019-07-16"/>
    <property name="java.home" value="/usr/lib/jvm/java-11-openjdk-amd64"/>
    <property name="file.separator" value="/"/>
    <property name="basedir" value="/mnt/c/Users/User/Sources/netbase/dinosu/simple-api-test"/>
    <property name="java.vm.compressedOopsMode" value="Zero based"/>
    <property name="line.separator" value="&#10;"/>
    <property name="java.specification.name" value="Java Platform API Specification"/>
    <property name="java.vm.specification.vendor" value="Oracle Corporation"/>
    <property name="java.awt.graphicsenv" value="sun.awt.X11GraphicsEnvironment"/>
    <property name="surefire.real.class.path" value="/mnt/c/Users/User/Sources/netbase/dinosu/simple-api-test/target/surefire/surefirebooter9519962837080538085.jar"/>
    <property name="sun.management.compiler" value="HotSpot 64-Bit Tiered Compilers"/>
    <property name="java.runtime.version" value="11.0.4+11-post-Ubuntu-1ubuntu218.04.3"/>
    <property name="user.name" value="dinosu"/>
    <property name="path.separator" value=":"/>
    <property name="os.version" value="4.4.0-17763-Microsoft"/>
    <property name="java.runtime.name" value="OpenJDK Runtime Environment"/>
    <property name="file.encoding" value="UTF-8"/>
    <property name="java.vm.name" value="OpenJDK 64-Bit Server VM"/>
    <property name="localRepository" value="/home/dinosu/.m2/repository"/>
    <property name="java.vendor.url.bug" value="https://bugs.launchpad.net/ubuntu/+source/openjdk-lts"/>
    <property name="java.io.tmpdir" value="/tmp"/>
    <property name="java.version" value="11.0.4"/>
    <property name="user.dir" value="/mnt/c/Users/User/Sources/netbase/dinosu/simple-api-test"/>
    <property name="os.arch" value="amd64"/>
    <property name="java.vm.specification.name" value="Java Virtual Machine Specification"/>
    <property name="java.awt.printerjob" value="sun.print.PSPrinterJob"/>
    <property name="sun.os.patch.level" value="unknown"/>
    <property name="java.library.path" value="/usr/java/packages/lib:/usr/lib/x86_64-linux-gnu/jni:/lib/x86_64-linux-gnu:/usr/lib/x86_64-linux-gnu:/usr/lib/jni:/lib:/usr/lib"/>
    <property name="java.vendor" value="Ubuntu"/>
    <property name="java.vm.info" value="mixed mode, sharing"/>
    <property name="java.vm.version" value="11.0.4+11-post-Ubuntu-1ubuntu218.04.3"/>
    <property name="sun.io.unicode.encoding" value="UnicodeLittle"/>
    <property name="java.class.version" value="55.0"/>
  </properties>
  <testcase name="testUserRepoInfo" classname="github.dinosu.api.GithubTest" time="0.854"/>
  <testcase name="testUserInfo" classname="github.dinosu.api.GithubTest" time="0.764"/>
</testsuite>